<?xml version="1.0" encoding="UTF-8"?>
<testng-results ignored="0" total="1" passed="0" failed="1" skipped="0">
  <reporter-output>
  </reporter-output>
  <suite started-at="2025-05-10T18:19:23 IST" name="Default suite" finished-at="2025-05-10T18:20:31 IST" duration-ms="68157">
    <groups>
      <group name="cucumber">
        <method signature="AbstractTestNGCucumberTests.runScenario(io.cucumber.testng.PickleWrapper,io.cucumber.testng.FeatureWrapper)[pri:0, instance:TestRunner.Run@4e50c791]" name="runScenario" class="io.cucumber.testng.AbstractTestNGCucumberTests"/>
      </group> <!-- cucumber -->
    </groups>
    <test started-at="2025-05-10T18:19:23 IST" name="Default test" finished-at="2025-05-10T18:20:31 IST" duration-ms="68157">
      <class name="TestRunner.Run">
        <test-method is-config="true" signature="setUpClass(org.testng.ITestContext)[pri:0, instance:TestRunner.Run@4e50c791]" started-at="2025-05-10T18:19:23 IST" name="setUpClass" finished-at="2025-05-10T18:19:51 IST" duration-ms="27609" status="PASS">
          <params>
            <param index="0">
              <value>
                <![CDATA[org.testng.TestRunner@6c008c24]]>
              </value>
            </param>
          </params>
          <reporter-output>
          </reporter-output>
        </test-method> <!-- setUpClass -->
        <test-method signature="runScenario(io.cucumber.testng.PickleWrapper,io.cucumber.testng.FeatureWrapper)[pri:0, instance:TestRunner.Run@4e50c791]" started-at="2025-05-10T18:19:51 IST" name="runScenario" description="Runs Cucumber Scenarios" data-provider="scenarios" finished-at="2025-05-10T18:20:26 IST" duration-ms="35188" status="FAIL">
          <params>
            <param index="0">
              <value>
                <![CDATA["Count no of hyperlinks dashboard page"]]>
              </value>
            </param>
            <param index="1">
              <value>
                <![CDATA["total no of webelement on dashboard page"]]>
              </value>
            </param>
          </params>
          <exception class="java.lang.AssertionError">
            <message>
              <![CDATA[expected [Hel] but found [Help]]]>
            </message>
            <full-stacktrace>
              <![CDATA[java.lang.AssertionError: expected [Hel] but found [Help]
at org.testng.Assert.fail(Assert.java:111)
at org.testng.Assert.failNotEquals(Assert.java:1578)
at org.testng.Assert.assertEqualsImpl(Assert.java:150)
at org.testng.Assert.assertEquals(Assert.java:132)
at org.testng.Assert.assertEquals(Assert.java:656)
at org.testng.Assert.assertEquals(Assert.java:666)
at StepDefnition.StepDef3.when_hover_on_help_button_then_help_title_should_be_shown(StepDef3.java:57)
at âœ½.when hover on help button then Help title should be shown(file:///C:/Users/HP/Desktop/New%20Maven%20Project/OrangeHRM/Features/TotalElement.feature:20)
]]>
            </full-stacktrace>
          </exception> <!-- java.lang.AssertionError -->
          <reporter-output>
          </reporter-output>
        </test-method> <!-- runScenario -->
        <test-method is-config="true" signature="tearDownClass()[pri:0, instance:TestRunner.Run@4e50c791]" started-at="2025-05-10T18:20:26 IST" name="tearDownClass" finished-at="2025-05-10T18:20:31 IST" duration-ms="5160" status="PASS">
          <reporter-output>
          </reporter-output>
        </test-method> <!-- tearDownClass -->
      </class> <!-- TestRunner.Run -->
    </test> <!-- Default test -->
  </suite> <!-- Default suite -->
</testng-results>
